+ export UV_LINK_MODE=copy MUJOCO_GL=egl
+ UV_LINK_MODE=copy
+ MUJOCO_GL=egl
+ uv run --extra cu128 --group libero --python 3.10 python cosmos_policy/experiments/robot/libero/run_e1_dominance_audit.py --output_dir outputs/phase1/e1_dominance_audit/expanded_3task_5ep --gpu_ids 0,1,2,3,4,5 --task_ids 0,1,2 --num_trials_per_task 5
Uninstalled 1 package in 5ms
Installed 1 package in 34ms
[launch] libero_spatial/none gpu=0 pid=608203 log=outputs/phase1/e1_dominance_audit/expanded_3task_5ep/stdout/libero_spatial__none.log
[launch] libero_spatial/primary_black gpu=1 pid=608204 log=outputs/phase1/e1_dominance_audit/expanded_3task_5ep/stdout/libero_spatial__primary_black.log
[launch] libero_spatial/primary_gray gpu=2 pid=608205 log=outputs/phase1/e1_dominance_audit/expanded_3task_5ep/stdout/libero_spatial__primary_gray.log
[launch] libero_spatial/primary_noise gpu=3 pid=608206 log=outputs/phase1/e1_dominance_audit/expanded_3task_5ep/stdout/libero_spatial__primary_noise.log
[launch] libero_spatial/wrist_black gpu=4 pid=608207 log=outputs/phase1/e1_dominance_audit/expanded_3task_5ep/stdout/libero_spatial__wrist_black.log
[launch] libero_spatial/wrist_gray gpu=5 pid=608208 log=outputs/phase1/e1_dominance_audit/expanded_3task_5ep/stdout/libero_spatial__wrist_gray.log
[status] done=0/28 running=6 pending=22 elapsed=0.0m
[status] done=0/28 running=6 pending=22 elapsed=0.5m
[status] done=0/28 running=6 pending=22 elapsed=1.0m
[status] done=0/28 running=6 pending=22 elapsed=1.5m
[status] done=0/28 running=6 pending=22 elapsed=2.0m
[status] done=0/28 running=6 pending=22 elapsed=2.5m
[launch] libero_spatial/wrist_noise gpu=0 pid=650888 log=outputs/phase1/e1_dominance_audit/expanded_3task_5ep/stdout/libero_spatial__wrist_noise.log
[launch] libero_object/none gpu=1 pid=650889 log=outputs/phase1/e1_dominance_audit/expanded_3task_5ep/stdout/libero_object__none.log
[launch] libero_object/primary_black gpu=2 pid=650890 log=outputs/phase1/e1_dominance_audit/expanded_3task_5ep/stdout/libero_object__primary_black.log
[launch] libero_object/primary_gray gpu=3 pid=650891 log=outputs/phase1/e1_dominance_audit/expanded_3task_5ep/stdout/libero_object__primary_gray.log
[status] done=4/28 running=6 pending=18 elapsed=3.0m
[status] done=4/28 running=6 pending=18 elapsed=3.5m
[launch] libero_object/primary_noise gpu=4 pid=665529 log=outputs/phase1/e1_dominance_audit/expanded_3task_5ep/stdout/libero_object__primary_noise.log
[launch] libero_object/wrist_black gpu=5 pid=665530 log=outputs/phase1/e1_dominance_audit/expanded_3task_5ep/stdout/libero_object__wrist_black.log
[status] done=6/28 running=6 pending=16 elapsed=4.0m
[status] done=6/28 running=6 pending=16 elapsed=4.5m
[status] done=6/28 running=6 pending=16 elapsed=5.0m
[status] done=6/28 running=6 pending=16 elapsed=5.5m
[status] done=6/28 running=6 pending=16 elapsed=6.0m
[launch] libero_object/wrist_gray gpu=0 pid=697894 log=outputs/phase1/e1_dominance_audit/expanded_3task_5ep/stdout/libero_object__wrist_gray.log
[launch] libero_object/wrist_noise gpu=1 pid=697895 log=outputs/phase1/e1_dominance_audit/expanded_3task_5ep/stdout/libero_object__wrist_noise.log
[launch] libero_goal/none gpu=2 pid=697896 log=outputs/phase1/e1_dominance_audit/expanded_3task_5ep/stdout/libero_goal__none.log
[launch] libero_goal/primary_black gpu=3 pid=697897 log=outputs/phase1/e1_dominance_audit/expanded_3task_5ep/stdout/libero_goal__primary_black.log
[status] done=10/28 running=6 pending=12 elapsed=6.5m
[status] done=10/28 running=6 pending=12 elapsed=7.0m
[launch] libero_goal/primary_gray gpu=4 pid=712246 log=outputs/phase1/e1_dominance_audit/expanded_3task_5ep/stdout/libero_goal__primary_gray.log
[status] done=11/28 running=6 pending=11 elapsed=7.5m
[status] done=11/28 running=6 pending=11 elapsed=8.0m
[status] done=11/28 running=6 pending=11 elapsed=8.5m
[launch] libero_goal/primary_noise gpu=5 pid=731789 log=outputs/phase1/e1_dominance_audit/expanded_3task_5ep/stdout/libero_goal__primary_noise.log
[status] done=12/28 running=6 pending=10 elapsed=9.0m
[status] done=13/28 running=5 pending=10 elapsed=9.5m
[status] done=13/28 running=5 pending=10 elapsed=10.0m
[launch] libero_goal/wrist_noise gpu=2 pid=751141 log=outputs/phase1/e1_dominance_audit/expanded_3task_5ep/stdout/libero_goal__wrist_noise.log
[launch] libero_10/none gpu=3 pid=751142 log=outputs/phase1/e1_dominance_audit/expanded_3task_5ep/stdout/libero_10__none.log
[status] done=14/28 running=6 pending=8 elapsed=10.5m
[status] done=14/28 running=6 pending=8 elapsed=11.0m
[launch] libero_10/primary_black gpu=4 pid=763852 log=outputs/phase1/e1_dominance_audit/expanded_3task_5ep/stdout/libero_10__primary_black.log
[status] done=17/28 running=4 pending=7 elapsed=11.5m
[launch] libero_10/primary_noise gpu=0 pid=769898 log=outputs/phase1/e1_dominance_audit/expanded_3task_5ep/stdout/libero_10__primary_noise.log
[launch] libero_10/wrist_black gpu=1 pid=769899 log=outputs/phase1/e1_dominance_audit/expanded_3task_5ep/stdout/libero_10__wrist_black.log
[status] done=17/28 running=6 pending=5 elapsed=12.0m
[status] done=17/28 running=6 pending=5 elapsed=12.5m
[status] done=17/28 running=6 pending=5 elapsed=13.0m
[status] done=18/28 running=5 pending=5 elapsed=13.5m
[status] done=18/28 running=5 pending=5 elapsed=14.0m
[status] done=18/28 running=5 pending=5 elapsed=14.5m
[status] done=18/28 running=5 pending=5 elapsed=15.0m
[launch] libero_10/primary_gray gpu=5 pid=812575 log=outputs/phase1/e1_dominance_audit/expanded_3task_5ep/stdout/libero_10__primary_gray.log
[status] done=19/28 running=5 pending=4 elapsed=15.5m
[launch] libero_10/wrist_noise gpu=3 pid=818522 log=outputs/phase1/e1_dominance_audit/expanded_3task_5ep/stdout/libero_10__wrist_noise.log
[status] done=20/28 running=5 pending=3 elapsed=16.0m
[status] done=20/28 running=5 pending=3 elapsed=16.5m
[launch] libero_10/wrist_gray gpu=2 pid=830162 log=outputs/phase1/e1_dominance_audit/expanded_3task_5ep/stdout/libero_10__wrist_gray.log
[status] done=20/28 running=6 pending=2 elapsed=17.0m
[status] done=20/28 running=6 pending=2 elapsed=17.5m
[status] done=20/28 running=6 pending=2 elapsed=18.0m
[launch] libero_goal/wrist_black gpu=0 pid=848415 log=outputs/phase1/e1_dominance_audit/expanded_3task_5ep/stdout/libero_goal__wrist_black.log
[status] done=21/28 running=6 pending=1 elapsed=18.5m
[status] done=22/28 running=5 pending=1 elapsed=19.0m
[status] done=22/28 running=5 pending=1 elapsed=19.5m
[status] done=22/28 running=5 pending=1 elapsed=20.0m
[launch] libero_goal/wrist_gray gpu=1 pid=870641 log=outputs/phase1/e1_dominance_audit/expanded_3task_5ep/stdout/libero_goal__wrist_gray.log
[status] done=23/28 running=5 pending=0 elapsed=20.5m
[status] done=23/28 running=5 pending=0 elapsed=21.0m
[status] done=23/28 running=5 pending=0 elapsed=21.5m
[status] done=23/28 running=5 pending=0 elapsed=22.0m
[status] done=23/28 running=5 pending=0 elapsed=22.5m
[status] done=24/28 running=4 pending=0 elapsed=23.0m
[status] done=24/28 running=4 pending=0 elapsed=23.5m
[status] done=25/28 running=3 pending=0 elapsed=24.0m
[status] done=25/28 running=3 pending=0 elapsed=24.5m
[status] done=26/28 running=2 pending=0 elapsed=25.0m
[status] done=26/28 running=2 pending=0 elapsed=25.5m
[complete] all jobs finished under outputs/phase1/e1_dominance_audit/expanded_3task_5ep
